2008-12-22 15:16:18 Debug: Notice (8): Undefined index:  publicinfo in [APP\models\user.php, line 101]
2008-12-22 15:19:58 Debug: Notice (8): Undefined variable: javascript in [APP\views\layouts\default.ctp, line 11]
2008-12-22 15:19:59 Debug: Notice (8): Undefined variable: javascript in [APP\views\layouts\default.ctp, line 11]
2008-12-22 15:19:59 Debug: Notice (8): Undefined variable: javascript in [APP\views\layouts\default.ctp, line 11]
2008-12-22 15:19:59 Debug: Notice (8): Undefined variable: javascript in [APP\views\layouts\default.ctp, line 11]
2008-12-22 15:19:59 Debug: Notice (8): Undefined variable: javascript in [APP\views\layouts\default.ctp, line 11]
2008-12-22 15:19:59 Debug: Notice (8): Undefined variable: javascript in [APP\views\layouts\default.ctp, line 11]
2008-12-22 15:19:59 Debug: Notice (8): Undefined variable: javascript in [APP\views\layouts\default.ctp, line 11]
2008-12-22 15:20:00 Debug: Notice (8): Undefined variable: javascript in [APP\views\layouts\default.ctp, line 11]
2008-12-22 15:20:00 Debug: Notice (8): Undefined variable: javascript in [APP\views\layouts\default.ctp, line 11]
2008-12-22 15:20:00 Debug: Notice (8): Undefined variable: javascript in [APP\views\layouts\default.ctp, line 11]
2008-12-22 15:20:01 Debug: Notice (8): Undefined variable: javascript in [APP\views\layouts\default.ctp, line 11]
2008-12-22 15:20:01 Debug: Notice (8): Undefined variable: javascript in [APP\views\layouts\default.ctp, line 11]
2008-12-22 15:20:01 Debug: Notice (8): Undefined variable: javascript in [APP\views\layouts\default.ctp, line 11]
2008-12-22 15:20:01 Debug: Notice (8): Undefined variable: javascript in [APP\views\layouts\default.ctp, line 11]
2008-12-22 15:20:02 Debug: Notice (8): Undefined variable: javascript in [APP\views\layouts\default.ctp, line 11]
2008-12-22 15:20:02 Debug: Notice (8): Undefined variable: javascript in [APP\views\layouts\default.ctp, line 11]
2008-12-22 15:20:02 Debug: Notice (8): Undefined variable: javascript in [APP\views\layouts\default.ctp, line 11]
2008-12-22 15:20:02 Debug: Notice (8): Undefined variable: javascript in [APP\views\layouts\default.ctp, line 11]
2008-12-22 15:20:02 Debug: Notice (8): Undefined variable: javascript in [APP\views\layouts\default.ctp, line 11]
2008-12-23 00:14:29 Debug: Notice (8): Undefined index:  userinfo in [APP\views\home\me.ctp, line 1]
2008-12-23 00:17:42 Debug: Notice (8): Trying to get property of non-object in [CORE\cake\libs\model\datasources\dbo_source.php, line 627]
2008-12-23 00:17:42 Debug: Notice (8): Trying to get property of non-object in [CORE\cake\libs\model\datasources\dbo_source.php, line 653]
2008-12-23 00:17:42 Debug: Notice (8): Trying to get property of non-object in [CORE\cake\libs\model\datasources\dbo_source.php, line 656]
2008-12-23 00:24:48 Debug: Notice (8): Trying to get property of non-object in [CORE\cake\libs\model\datasources\dbo_source.php, line 627]
2008-12-23 00:24:48 Debug: Notice (8): Trying to get property of non-object in [CORE\cake\libs\model\datasources\dbo_source.php, line 653]
2008-12-23 00:24:48 Debug: Notice (8): Trying to get property of non-object in [CORE\cake\libs\model\datasources\dbo_source.php, line 656]
2008-12-23 00:25:45 Debug: Notice (8): Trying to get property of non-object in [CORE\cake\libs\model\datasources\dbo_source.php, line 627]
2008-12-23 00:25:45 Debug: Notice (8): Trying to get property of non-object in [CORE\cake\libs\model\datasources\dbo_source.php, line 653]
2008-12-23 00:25:45 Debug: Notice (8): Trying to get property of non-object in [CORE\cake\libs\model\datasources\dbo_source.php, line 656]
2008-12-23 00:27:27 Debug: Notice (8): Trying to get property of non-object in [CORE\cake\libs\model\datasources\dbo_source.php, line 627]
2008-12-23 00:27:27 Debug: Notice (8): Trying to get property of non-object in [CORE\cake\libs\model\datasources\dbo_source.php, line 653]
2008-12-23 00:27:27 Debug: Notice (8): Trying to get property of non-object in [CORE\cake\libs\model\datasources\dbo_source.php, line 656]
2008-12-23 00:32:36 Debug: Notice (8): Trying to get property of non-object in [CORE\cake\libs\model\datasources\dbo_source.php, line 627]
2008-12-23 00:32:36 Debug: Notice (8): Trying to get property of non-object in [CORE\cake\libs\model\datasources\dbo_source.php, line 653]
2008-12-23 00:32:36 Debug: Notice (8): Trying to get property of non-object in [CORE\cake\libs\model\datasources\dbo_source.php, line 656]
2008-12-23 09:21:58 Debug: Notice (8): Undefined variable: javascript in [APP\views\layouts\default.ctp, line 11]
2008-12-23 09:21:59 Debug: Notice (8): Undefined variable: javascript in [APP\views\layouts\default.ctp, line 11]
2008-12-23 09:23:15 Debug: Notice (8): Undefined variable: javascript in [APP\views\layouts\default.ctp, line 11]
2008-12-23 09:23:15 Debug: Notice (8): Undefined variable: javascript in [APP\views\layouts\default.ctp, line 11]
2008-12-23 09:25:18 Debug: Notice (8): Undefined variable: javascript in [APP\views\layouts\default.ctp, line 11]
2008-12-23 09:25:18 Debug: Notice (8): Undefined variable: javascript in [APP\views\layouts\default.ctp, line 11]
2008-12-23 09:25:35 Debug: Notice (8): Undefined variable: javascript in [APP\views\layouts\default.ctp, line 11]
2008-12-23 09:25:35 Debug: Notice (8): Undefined variable: javascript in [APP\views\layouts\default.ctp, line 11]
2008-12-23 09:25:40 Debug: Notice (8): Undefined variable: javascript in [APP\views\layouts\default.ctp, line 11]
2008-12-23 09:26:48 Debug: Notice (8): Undefined variable: javascript in [APP\views\layouts\default.ctp, line 11]
2008-12-23 09:26:48 Debug: Notice (8): Undefined variable: javascript in [APP\views\layouts\default.ctp, line 11]
2008-12-23 09:28:27 Debug: Notice (8): Undefined variable: javascript in [APP\views\layouts\default.ctp, line 11]
2008-12-23 09:28:27 Debug: Notice (8): Undefined variable: javascript in [APP\views\layouts\default.ctp, line 11]
2008-12-23 09:28:41 Debug: Notice (8): Undefined variable: javascript in [APP\views\layouts\default.ctp, line 11]
2008-12-23 09:28:42 Debug: Notice (8): Undefined variable: javascript in [APP\views\layouts\default.ctp, line 11]
2008-12-23 09:28:51 Debug: Notice (8): Undefined variable: javascript in [APP\views\layouts\default.ctp, line 11]
2008-12-23 09:28:51 Debug: Notice (8): Undefined variable: javascript in [APP\views\layouts\default.ctp, line 11]
2008-12-23 09:28:52 Debug: Notice (8): Undefined variable: javascript in [APP\views\layouts\default.ctp, line 11]
2008-12-23 09:28:53 Debug: Notice (8): Undefined variable: javascript in [APP\views\layouts\default.ctp, line 11]
2008-12-23 09:30:38 Debug: Notice (8): Undefined variable: javascript in [APP\views\layouts\default.ctp, line 11]
2008-12-23 09:31:00 Debug: Notice (8): Undefined variable: javascript in [APP\views\layouts\default.ctp, line 11]
2008-12-23 09:31:26 Debug: Notice (8): Undefined variable: javascript in [APP\views\layouts\default.ctp, line 11]
2008-12-23 09:32:42 Debug: Notice (8): Undefined variable: javascript in [APP\views\layouts\default.ctp, line 11]
2008-12-23 09:32:43 Debug: Notice (8): Undefined variable: javascript in [APP\views\layouts\default.ctp, line 11]
2008-12-23 09:32:43 Debug: Notice (8): Undefined variable: javascript in [APP\views\layouts\default.ctp, line 11]
2008-12-23 09:32:43 Debug: Notice (8): Undefined variable: javascript in [APP\views\layouts\default.ctp, line 11]
2008-12-23 09:32:44 Debug: Notice (8): Undefined variable: javascript in [APP\views\layouts\default.ctp, line 11]
2008-12-23 09:32:44 Debug: Notice (8): Undefined variable: javascript in [APP\views\layouts\default.ctp, line 11]
2008-12-23 09:32:44 Debug: Notice (8): Undefined variable: javascript in [APP\views\layouts\default.ctp, line 11]
2008-12-23 09:32:44 Debug: Notice (8): Undefined variable: javascript in [APP\views\layouts\default.ctp, line 11]
2008-12-23 09:32:44 Debug: Notice (8): Undefined variable: javascript in [APP\views\layouts\default.ctp, line 11]
2008-12-23 09:32:44 Debug: Notice (8): Undefined variable: javascript in [APP\views\layouts\default.ctp, line 11]
2008-12-23 09:32:44 Debug: Notice (8): Undefined variable: javascript in [APP\views\layouts\default.ctp, line 11]
2008-12-23 09:37:52 Debug: Notice (8): Undefined variable: javascript in [APP\views\layouts\default.ctp, line 11]
2008-12-23 09:37:53 Debug: Notice (8): Undefined variable: javascript in [APP\views\layouts\default.ctp, line 11]
2008-12-23 09:37:53 Debug: Notice (8): Undefined variable: javascript in [APP\views\layouts\default.ctp, line 11]
2008-12-23 09:37:53 Debug: Notice (8): Undefined variable: javascript in [APP\views\layouts\default.ctp, line 11]
2008-12-23 09:37:53 Debug: Notice (8): Undefined variable: javascript in [APP\views\layouts\default.ctp, line 11]
2008-12-23 09:37:53 Debug: Notice (8): Undefined variable: javascript in [APP\views\layouts\default.ctp, line 11]
2008-12-23 09:37:53 Debug: Notice (8): Undefined variable: javascript in [APP\views\layouts\default.ctp, line 11]
2008-12-23 09:37:53 Debug: Notice (8): Undefined variable: javascript in [APP\views\layouts\default.ctp, line 11]
2008-12-23 09:40:19 Debug: Notice (8): Undefined variable: javascript in [APP\views\layouts\default.ctp, line 11]
2008-12-23 09:40:19 Debug: Notice (8): Undefined variable: javascript in [APP\views\layouts\default.ctp, line 11]
2008-12-23 09:40:19 Debug: Notice (8): Undefined variable: javascript in [APP\views\layouts\default.ctp, line 11]
2008-12-23 09:40:20 Debug: Notice (8): Undefined variable: javascript in [APP\views\layouts\default.ctp, line 11]
2008-12-23 09:40:20 Debug: Notice (8): Undefined variable: javascript in [APP\views\layouts\default.ctp, line 11]
2008-12-23 09:40:20 Debug: Notice (8): Undefined variable: javascript in [APP\views\layouts\default.ctp, line 11]
2008-12-23 09:40:20 Debug: Notice (8): Undefined variable: javascript in [APP\views\layouts\default.ctp, line 11]
2008-12-23 09:40:20 Debug: Notice (8): Undefined variable: javascript in [APP\views\layouts\default.ctp, line 11]
2008-12-23 10:06:50 Debug: Notice (8): Undefined variable: javascript in [APP\views\layouts\default.ctp, line 11]
2008-12-23 10:11:31 Debug: Notice (8): Undefined variable: javascript in [APP\views\layouts\default.ctp, line 11]
2008-12-23 10:11:33 Debug: Notice (8): Undefined variable: javascript in [APP\views\layouts\default.ctp, line 11]
2008-12-23 10:12:04 Debug: Notice (8): Undefined variable: javascript in [APP\views\layouts\default.ctp, line 11]
2008-12-23 10:12:04 Debug: Notice (8): Undefined variable: javascript in [APP\views\layouts\default.ctp, line 11]
2008-12-23 10:12:25 Debug: Notice (8): Undefined variable: javascript in [APP\views\layouts\default.ctp, line 11]
2008-12-23 10:12:25 Debug: Notice (8): Undefined variable: javascript in [APP\views\layouts\default.ctp, line 11]
2008-12-23 10:12:41 Debug: Notice (8): Undefined variable: javascript in [APP\views\layouts\default.ctp, line 11]
2008-12-23 10:12:41 Debug: Notice (8): Undefined variable: javascript in [APP\views\layouts\default.ctp, line 11]
2008-12-23 10:13:04 Debug: Notice (8): Undefined variable: javascript in [APP\views\layouts\default.ctp, line 11]
2008-12-23 10:13:08 Debug: Notice (8): Undefined variable: javascript in [APP\views\layouts\default.ctp, line 11]
2008-12-23 10:13:32 Debug: Notice (8): Undefined variable: javascript in [APP\views\layouts\default.ctp, line 11]
2008-12-23 10:13:50 Debug: Notice (8): Undefined variable: javascript in [APP\views\layouts\default.ctp, line 11]
2008-12-23 10:15:56 Debug: Notice (8): Undefined variable: javascript in [APP\views\layouts\default.ctp, line 11]
2008-12-23 10:16:10 Debug: Notice (8): Undefined variable: javascript in [APP\views\layouts\default.ctp, line 11]
2008-12-23 10:16:24 Debug: Notice (8): Undefined variable: javascript in [APP\views\layouts\default.ctp, line 11]
2008-12-23 10:17:12 Debug: Notice (8): Undefined variable: javascript in [APP\views\layouts\default.ctp, line 11]
2008-12-23 10:18:07 Debug: Notice (8): Undefined variable: javascript in [APP\views\layouts\default.ctp, line 11]
2008-12-23 10:19:24 Debug: Notice (8): Undefined variable: javascript in [APP\views\layouts\default.ctp, line 11]
2008-12-23 10:19:26 Debug: Notice (8): Undefined variable: javascript in [APP\views\layouts\default.ctp, line 11]
2008-12-23 10:20:07 Debug: Notice (8): Undefined variable: javascript in [APP\views\layouts\default.ctp, line 11]
2008-12-23 10:21:20 Debug: Notice (8): Undefined variable: javascript in [APP\views\layouts\default.ctp, line 11]
2008-12-23 10:21:49 Debug: Notice (8): Undefined variable: javascript in [APP\views\layouts\default.ctp, line 11]
2008-12-23 10:23:26 Debug: Notice (8): Undefined variable: javascript in [APP\views\layouts\default.ctp, line 11]
2008-12-23 10:23:36 Debug: Notice (8): Undefined variable: javascript in [APP\views\layouts\default.ctp, line 11]
2008-12-23 10:30:52 Debug: Notice (8): Undefined variable: javascript in [APP\views\layouts\default.ctp, line 11]
2008-12-23 10:42:00 Debug: Notice (8): Undefined index:  User in [APP\views\home\me.ctp, line 14]
2008-12-23 10:42:00 Debug: Notice (8): Undefined index:  userinfo in [APP\views\home\me.ctp, line 15]
2008-12-23 10:42:01 Debug: Notice (8): Undefined variable: javascript in [APP\views\layouts\default.ctp, line 11]
2008-12-23 10:43:10 Debug: Notice (8): Undefined index:  User in [APP\views\home\me.ctp, line 14]
2008-12-23 10:43:10 Debug: Notice (8): Undefined index:  userinfo in [APP\views\home\me.ctp, line 15]
2008-12-23 10:44:06 Debug: Notice (8): Undefined index:  userinfo in [APP\views\home\me.ctp, line 15]
2008-12-23 10:44:27 Debug: Notice (8): Undefined index:  User in [APP\views\home\me.ctp, line 14]
2008-12-23 10:44:27 Debug: Notice (8): Undefined index:  userinfo in [APP\views\home\me.ctp, line 15]
2008-12-23 10:44:56 Debug: Notice (8): Undefined index:  userinfo in [APP\views\home\me.ctp, line 15]
2008-12-23 10:46:01 Debug: Notice (8): Undefined index:  User in [APP\views\home\me.ctp, line 15]
2008-12-23 10:46:01 Debug: Notice (8): Undefined index:  userinfo in [APP\views\home\me.ctp, line 17]
2008-12-23 10:46:22 Debug: Notice (8): Undefined index:  User in [APP\views\home\me.ctp, line 15]
2008-12-23 10:46:22 Debug: Notice (8): Undefined index:  userinfo in [APP\views\home\me.ctp, line 17]
2008-12-23 10:47:45 Debug: Notice (8): Undefined variable: javascript in [APP\views\layouts\default.ctp, line 11]
2008-12-23 10:48:30 Debug: Notice (8): Undefined variable: javascript in [APP\views\layouts\default.ctp, line 11]
2008-12-23 10:49:11 Debug: Notice (8): Undefined variable: javascript in [APP\views\layouts\default.ctp, line 11]
2008-12-23 10:49:34 Debug: Notice (8): Undefined variable: javascript in [APP\views\layouts\default.ctp, line 11]
2008-12-23 10:49:53 Debug: Notice (8): Undefined variable: javascript in [APP\views\layouts\default.ctp, line 11]
2008-12-23 10:50:06 Debug: Notice (8): Undefined variable: javascript in [APP\views\layouts\default.ctp, line 11]
2008-12-23 10:50:16 Debug: Notice (8): Undefined variable: javascript in [APP\views\layouts\default.ctp, line 11]
2008-12-23 10:50:23 Debug: Notice (8): Undefined variable: javascript in [APP\views\layouts\default.ctp, line 11]
2008-12-23 10:50:31 Debug: Notice (8): Undefined variable: javascript in [APP\views\layouts\default.ctp, line 11]
2008-12-23 10:51:38 Debug: Notice (8): Undefined variable: javascript in [APP\views\layouts\default.ctp, line 11]
2008-12-23 10:52:11 Debug: Notice (8): Undefined variable: javascript in [APP\views\layouts\default.ctp, line 11]
2008-12-23 10:52:14 Debug: Notice (8): Undefined variable: javascript in [APP\views\layouts\default.ctp, line 11]
2008-12-23 10:52:34 Debug: Notice (8): Undefined variable: javascript in [APP\views\layouts\default.ctp, line 11]
2008-12-23 10:52:36 Debug: Notice (8): Undefined variable: javascript in [APP\views\layouts\default.ctp, line 11]
2008-12-23 10:53:07 Debug: Notice (8): Undefined variable: javascript in [APP\views\layouts\default.ctp, line 11]
2008-12-23 10:53:27 Debug: Notice (8): Undefined variable: javascript in [APP\views\layouts\default.ctp, line 11]
2008-12-23 10:53:40 Debug: Notice (8): Undefined variable: javascript in [APP\views\layouts\default.ctp, line 11]
2008-12-23 10:53:49 Debug: Notice (8): Undefined variable: javascript in [APP\views\layouts\default.ctp, line 11]
2008-12-23 10:54:18 Debug: Notice (8): Undefined variable: javascript in [APP\views\layouts\default.ctp, line 11]
2008-12-23 10:54:34 Debug: Notice (8): Undefined variable: javascript in [APP\views\layouts\default.ctp, line 11]
2008-12-23 10:54:35 Debug: Notice (8): Undefined variable: javascript in [APP\views\layouts\default.ctp, line 11]
2008-12-23 11:07:08 Debug: Notice (8): Undefined variable: javascript in [APP\views\layouts\default.ctp, line 11]
2008-12-23 11:07:50 Debug: Notice (8): Undefined variable: javascript in [APP\views\layouts\default.ctp, line 11]
2008-12-23 11:36:57 Debug: Notice (8): Undefined variable: javascript in [APP\views\layouts\default.ctp, line 11]
2008-12-23 11:37:07 Debug: Notice (8): Undefined variable: javascript in [APP\views\layouts\default.ctp, line 11]
2008-12-23 11:37:11 Debug: Notice (8): Undefined variable: javascript in [APP\views\layouts\default.ctp, line 11]
2008-12-23 11:37:25 Debug: Notice (8): Undefined variable: javascript in [APP\views\layouts\default.ctp, line 11]
2008-12-23 11:39:48 Debug: Notice (8): Undefined variable: javascript in [APP\views\layouts\default.ctp, line 11]
2008-12-23 12:54:33 Debug: Notice (8): Undefined variable: javascript in [APP\views\layouts\default.ctp, line 11]
2008-12-23 12:54:52 Debug: Notice (8): Undefined variable: javascript in [APP\views\layouts\default.ctp, line 11]
2008-12-23 13:02:34 Debug: Notice (8): Undefined variable: javascript in [APP\views\layouts\default.ctp, line 11]
2008-12-23 13:07:21 Debug: Notice (8): Undefined variable: javascript in [APP\views\layouts\default.ctp, line 11]
2008-12-23 13:07:23 Debug: Notice (8): Undefined variable: javascript in [APP\views\layouts\default.ctp, line 11]
2008-12-23 13:07:38 Debug: Notice (8): Undefined variable: javascript in [APP\views\layouts\default.ctp, line 11]
2008-12-23 13:07:40 Debug: Notice (8): Undefined variable: javascript in [APP\views\layouts\default.ctp, line 11]
2008-12-23 13:07:40 Debug: Notice (8): Undefined variable: javascript in [APP\views\layouts\default.ctp, line 11]
2008-12-23 13:07:40 Debug: Notice (8): Undefined variable: javascript in [APP\views\layouts\default.ctp, line 11]
2008-12-23 13:07:41 Debug: Notice (8): Undefined variable: javascript in [APP\views\layouts\default.ctp, line 11]
2008-12-23 13:07:41 Debug: Notice (8): Undefined variable: javascript in [APP\views\layouts\default.ctp, line 11]
2008-12-23 13:07:41 Debug: Notice (8): Undefined variable: javascript in [APP\views\layouts\default.ctp, line 11]
2008-12-23 13:07:41 Debug: Notice (8): Undefined variable: javascript in [APP\views\layouts\default.ctp, line 11]
2008-12-23 13:07:41 Debug: Notice (8): Undefined variable: javascript in [APP\views\layouts\default.ctp, line 11]
2008-12-23 13:08:46 Debug: Notice (8): Undefined variable: javascript in [APP\views\layouts\default.ctp, line 11]
2008-12-23 13:08:46 Debug: Notice (8): Undefined variable: javascript in [APP\views\layouts\default.ctp, line 11]
2008-12-23 13:08:47 Debug: Notice (8): Undefined variable: javascript in [APP\views\layouts\default.ctp, line 11]
2008-12-23 13:08:47 Debug: Notice (8): Undefined variable: javascript in [APP\views\layouts\default.ctp, line 11]
2008-12-23 13:08:47 Debug: Notice (8): Undefined variable: javascript in [APP\views\layouts\default.ctp, line 11]
2008-12-23 13:08:47 Debug: Notice (8): Undefined variable: javascript in [APP\views\layouts\default.ctp, line 11]
2008-12-23 13:08:47 Debug: Notice (8): Undefined variable: javascript in [APP\views\layouts\default.ctp, line 11]
2008-12-23 13:08:47 Debug: Notice (8): Undefined variable: javascript in [APP\views\layouts\default.ctp, line 11]
2008-12-23 13:24:13 Debug: Notice (8): Use of undefined constant img_url - assumed 'img_url' in [APP\views\home\carshop.ctp, line 7]
2008-12-23 13:24:13 Debug: Notice (8): Use of undefined constant price - assumed 'price' in [APP\views\home\carshop.ctp, line 8]
2008-12-23 13:24:13 Debug: Notice (8): Undefined variable: javascript in [APP\views\layouts\default.ctp, line 11]
2008-12-23 13:24:13 Debug: Notice (8): Undefined variable: javascript in [APP\views\layouts\default.ctp, line 11]
2008-12-23 13:24:14 Debug: Notice (8): Undefined variable: javascript in [APP\views\layouts\default.ctp, line 11]
2008-12-23 13:24:14 Debug: Notice (8): Undefined variable: javascript in [APP\views\layouts\default.ctp, line 11]
2008-12-23 13:25:50 Debug: Notice (8): Use of undefined constant price - assumed 'price' in [APP\views\home\carshop.ctp, line 8]
2008-12-23 13:25:50 Debug: Notice (8): Undefined variable: javascript in [APP\views\layouts\default.ctp, line 11]
2008-12-23 13:25:51 Debug: Notice (8): Undefined variable: javascript in [APP\views\layouts\default.ctp, line 11]
2008-12-23 13:25:51 Debug: Notice (8): Undefined variable: javascript in [APP\views\layouts\default.ctp, line 11]
2008-12-23 13:25:51 Debug: Notice (8): Undefined variable: javascript in [APP\views\layouts\default.ctp, line 11]
2008-12-23 13:25:51 Debug: Notice (8): Undefined variable: javascript in [APP\views\layouts\default.ctp, line 11]
2008-12-23 13:25:59 Debug: Notice (8): Undefined variable: javascript in [APP\views\layouts\default.ctp, line 11]
2008-12-23 13:25:59 Debug: Notice (8): Undefined variable: javascript in [APP\views\layouts\default.ctp, line 11]
2008-12-23 13:25:59 Debug: Notice (8): Undefined variable: javascript in [APP\views\layouts\default.ctp, line 11]
2008-12-23 13:25:59 Debug: Notice (8): Undefined variable: javascript in [APP\views\layouts\default.ctp, line 11]
2008-12-23 13:25:59 Debug: Notice (8): Undefined variable: javascript in [APP\views\layouts\default.ctp, line 11]
2008-12-23 13:26:56 Debug: Notice (8): Undefined variable: javascript in [APP\views\layouts\default.ctp, line 11]
2008-12-23 13:26:56 Debug: Notice (8): Undefined variable: javascript in [APP\views\layouts\default.ctp, line 11]
2008-12-23 13:26:56 Debug: Notice (8): Undefined variable: javascript in [APP\views\layouts\default.ctp, line 11]
2008-12-23 13:27:34 Debug: Notice (8): Undefined variable: javascript in [APP\views\layouts\default.ctp, line 11]
2008-12-23 13:28:08 Debug: Notice (8): Undefined variable: javascript in [APP\views\layouts\default.ctp, line 11]
2008-12-23 13:28:40 Debug: Notice (8): Undefined variable: javascript in [APP\views\layouts\default.ctp, line 11]
2008-12-23 13:28:53 Debug: Notice (8): Undefined variable: javascript in [APP\views\layouts\default.ctp, line 11]
2008-12-23 13:28:59 Debug: Notice (8): Undefined variable: javascript in [APP\views\layouts\default.ctp, line 11]
2008-12-23 13:29:01 Debug: Notice (8): Undefined variable: javascript in [APP\views\layouts\default.ctp, line 11]
2008-12-23 13:29:02 Debug: Notice (8): Undefined variable: javascript in [APP\views\layouts\default.ctp, line 11]
2008-12-23 13:29:03 Debug: Notice (8): Undefined variable: javascript in [APP\views\layouts\default.ctp, line 11]
2008-12-23 13:29:15 Debug: Notice (8): Undefined variable: javascript in [APP\views\layouts\default.ctp, line 11]
2008-12-23 13:29:15 Debug: Notice (8): Undefined variable: javascript in [APP\views\layouts\default.ctp, line 11]
2008-12-23 13:29:29 Debug: Notice (8): Undefined variable: javascript in [APP\views\layouts\default.ctp, line 11]
2008-12-23 13:29:29 Debug: Notice (8): Undefined variable: javascript in [APP\views\layouts\default.ctp, line 11]
2008-12-23 13:30:35 Debug: Notice (8): Undefined variable: javascript in [APP\views\layouts\default.ctp, line 11]
2008-12-23 13:30:35 Debug: Notice (8): Undefined variable: javascript in [APP\views\layouts\default.ctp, line 11]
2008-12-23 13:32:04 Debug: Notice (8): Undefined variable: javascript in [APP\views\layouts\default.ctp, line 11]
2008-12-23 13:32:33 Debug: Notice (8): Undefined variable: javascript in [APP\views\layouts\default.ctp, line 11]
2008-12-23 13:34:11 Debug: Notice (8): Undefined variable: javascript in [APP\views\layouts\default.ctp, line 11]
2008-12-23 13:34:13 Debug: Notice (8): Undefined variable: javascript in [APP\views\layouts\default.ctp, line 11]
2008-12-23 13:35:14 Debug: Notice (8): Undefined variable: javascript in [APP\views\layouts\default.ctp, line 11]
2008-12-23 13:35:45 Debug: Notice (8): Undefined variable: javascript in [APP\views\layouts\default.ctp, line 11]
2008-12-23 13:36:01 Debug: Notice (8): Undefined variable: javascript in [APP\views\layouts\default.ctp, line 11]
2008-12-23 13:36:27 Debug: Notice (8): Undefined variable: javascript in [APP\views\layouts\default.ctp, line 11]
2008-12-23 13:36:29 Debug: Notice (8): Undefined variable: javascript in [APP\views\layouts\default.ctp, line 11]
2008-12-23 13:36:41 Debug: Notice (8): Undefined variable: javascript in [APP\views\layouts\default.ctp, line 11]
2008-12-23 13:36:44 Debug: Notice (8): Undefined variable: javascript in [APP\views\layouts\default.ctp, line 11]
2008-12-23 13:36:46 Debug: Notice (8): Undefined variable: javascript in [APP\views\layouts\default.ctp, line 11]
2008-12-23 13:36:46 Debug: Notice (8): Undefined variable: javascript in [APP\views\layouts\default.ctp, line 11]
2008-12-23 13:36:47 Debug: Notice (8): Undefined variable: javascript in [APP\views\layouts\default.ctp, line 11]
2008-12-23 13:48:53 Debug: Notice (8): Undefined variable: javascript in [APP\views\layouts\default.ctp, line 11]
2008-12-23 13:48:58 Debug: Notice (8): Undefined variable: javascript in [APP\views\layouts\default.ctp, line 11]
2008-12-23 13:48:58 Debug: Notice (8): Undefined variable: javascript in [APP\views\layouts\default.ctp, line 11]
2008-12-23 13:48:58 Debug: Notice (8): Undefined variable: javascript in [APP\views\layouts\default.ctp, line 11]
2008-12-23 13:50:21 Debug: Notice (8): Undefined variable: javascript in [APP\views\layouts\default.ctp, line 11]
2008-12-23 13:50:21 Debug: Notice (8): Undefined variable: javascript in [APP\views\layouts\default.ctp, line 11]
2008-12-23 13:50:29 Debug: Notice (8): Undefined variable: javascript in [APP\views\layouts\default.ctp, line 11]
2008-12-23 13:50:57 Debug: Notice (8): Undefined variable: javascript in [APP\views\layouts\default.ctp, line 11]
2008-12-23 13:50:59 Debug: Notice (8): Undefined variable: javascript in [APP\views\layouts\default.ctp, line 11]
2008-12-23 13:50:59 Debug: Notice (8): Undefined variable: javascript in [APP\views\layouts\default.ctp, line 11]
2008-12-23 13:51:11 Debug: Notice (8): Undefined variable: javascript in [APP\views\layouts\default.ctp, line 11]
2008-12-23 13:51:11 Debug: Notice (8): Undefined variable: javascript in [APP\views\layouts\default.ctp, line 11]
2008-12-23 13:51:12 Debug: Notice (8): Undefined variable: javascript in [APP\views\layouts\default.ctp, line 11]
2008-12-23 13:51:12 Debug: Notice (8): Undefined variable: javascript in [APP\views\layouts\default.ctp, line 11]
2008-12-23 13:51:13 Debug: Notice (8): Undefined variable: javascript in [APP\views\layouts\default.ctp, line 11]
2008-12-23 13:51:13 Debug: Notice (8): Undefined variable: javascript in [APP\views\layouts\default.ctp, line 11]
2008-12-23 13:51:24 Debug: Notice (8): Undefined variable: javascript in [APP\views\layouts\default.ctp, line 11]
2008-12-23 13:51:27 Debug: Notice (8): Undefined variable: javascript in [APP\views\layouts\default.ctp, line 11]
2008-12-23 13:51:27 Debug: Notice (8): Undefined variable: javascript in [APP\views\layouts\default.ctp, line 11]
2008-12-23 13:51:27 Debug: Notice (8): Undefined variable: javascript in [APP\views\layouts\default.ctp, line 11]
2008-12-23 13:51:41 Debug: Notice (8): Undefined variable: javascript in [APP\views\layouts\default.ctp, line 11]
2008-12-23 13:51:51 Debug: Notice (8): Undefined variable: javascript in [APP\views\layouts\default.ctp, line 11]
2008-12-23 13:51:51 Debug: Notice (8): Undefined variable: javascript in [APP\views\layouts\default.ctp, line 11]
2008-12-23 13:52:14 Debug: Notice (8): Undefined variable: javascript in [APP\views\layouts\default.ctp, line 11]
2008-12-23 13:52:15 Debug: Notice (8): Undefined variable: javascript in [APP\views\layouts\default.ctp, line 11]
2008-12-23 13:52:15 Debug: Notice (8): Undefined variable: javascript in [APP\views\layouts\default.ctp, line 11]
2008-12-23 13:52:15 Debug: Notice (8): Undefined variable: javascript in [APP\views\layouts\default.ctp, line 11]
2008-12-23 13:53:05 Debug: Notice (8): Undefined variable: javascript in [APP\views\layouts\default.ctp, line 11]
2008-12-23 13:53:07 Debug: Notice (8): Undefined variable: javascript in [APP\views\layouts\default.ctp, line 11]
2008-12-23 13:53:08 Debug: Notice (8): Undefined variable: javascript in [APP\views\layouts\default.ctp, line 11]
2008-12-23 13:55:00 Debug: Notice (8): Undefined variable: javascript in [APP\views\layouts\default.ctp, line 11]
2008-12-23 13:55:03 Debug: Notice (8): Undefined variable: javascript in [APP\views\layouts\default.ctp, line 11]
2008-12-23 13:55:06 Debug: Notice (8): Undefined variable: javascript in [APP\views\layouts\default.ctp, line 11]
2008-12-23 13:55:06 Debug: Notice (8): Undefined variable: javascript in [APP\views\layouts\default.ctp, line 11]
2008-12-23 13:55:07 Debug: Notice (8): Undefined variable: javascript in [APP\views\layouts\default.ctp, line 11]
2008-12-23 13:55:07 Debug: Notice (8): Undefined variable: javascript in [APP\views\layouts\default.ctp, line 11]
2008-12-23 13:56:16 Debug: Notice (8): Undefined variable: javascript in [APP\views\layouts\default.ctp, line 11]
2008-12-23 13:56:16 Debug: Notice (8): Undefined variable: javascript in [APP\views\layouts\default.ctp, line 11]
2008-12-23 13:56:18 Debug: Notice (8): Undefined variable: javascript in [APP\views\layouts\default.ctp, line 11]
2008-12-23 13:56:21 Debug: Notice (8): Undefined variable: javascript in [APP\views\layouts\default.ctp, line 11]
2008-12-23 13:56:25 Debug: Notice (8): Undefined variable: gender in [APP\views\cars\buy_dialog.ctp, line 15]
2008-12-23 13:57:35 Debug: Notice (8): Undefined variable: javascript in [APP\views\layouts\default.ctp, line 11]
2008-12-23 14:16:46 Debug: Notice (8): Undefined variable: javascript in [APP\views\layouts\default.ctp, line 11]
2008-12-23 14:16:47 Debug: Notice (8): Undefined variable: javascript in [APP\views\layouts\default.ctp, line 11]
2008-12-23 14:17:12 Debug: Notice (8): Undefined variable: javascript in [APP\views\layouts\default.ctp, line 11]
2008-12-23 14:17:13 Debug: Notice (8): Undefined variable: javascript in [APP\views\layouts\default.ctp, line 11]
2008-12-23 14:17:13 Debug: Notice (8): Undefined variable: javascript in [APP\views\layouts\default.ctp, line 11]
2008-12-23 14:18:46 Debug: Notice (8): Undefined variable: javascript in [APP\views\layouts\default.ctp, line 11]
2008-12-23 14:21:09 Debug: Notice (8): Undefined variable: javascript in [APP\views\layouts\default.ctp, line 11]
2008-12-23 14:21:09 Debug: Notice (8): Undefined variable: javascript in [APP\views\layouts\default.ctp, line 11]
2008-12-23 14:22:04 Debug: Notice (8): Undefined variable: javascript in [APP\views\layouts\default.ctp, line 11]
2008-12-23 14:22:05 Debug: Notice (8): Undefined variable: javascript in [APP\views\layouts\default.ctp, line 11]
2008-12-23 14:22:05 Debug: Notice (8): Undefined index:  car_name in [APP\controllers\cars_controller.php, line 52]
2008-12-23 14:22:05 Debug: Notice (8): Undefined index:  capacity in [APP\controllers\cars_controller.php, line 53]
2008-12-23 14:22:05 Debug: Notice (8): Undefined index:  price in [APP\controllers\cars_controller.php, line 54]
2008-12-23 14:22:05 Debug: Notice (8): Undefined index:  intro in [APP\controllers\cars_controller.php, line 55]
2008-12-23 14:22:05 Debug: Notice (8): Undefined index:  car_logo in [APP\controllers\cars_controller.php, line 56]
2008-12-23 14:22:05 Debug: Notice (8): Undefined index:  car_logo_flash in [APP\controllers\cars_controller.php, line 57]
2008-12-23 14:22:05 Debug: Notice (8): Undefined index:  car_trademark in [APP\controllers\cars_controller.php, line 58]
2008-12-23 14:22:05 Debug: Notice (8): Undefined index:  car_trademarkname in [APP\controllers\cars_controller.php, line 59]
2008-12-23 14:22:05 Debug: Notice (8): Undefined index:  car_police in [APP\controllers\cars_controller.php, line 60]
2008-12-23 14:22:14 Debug: Notice (8): Undefined variable: javascript in [APP\views\layouts\default.ctp, line 11]
2008-12-23 14:23:07 Debug: Notice (8): Undefined variable: javascript in [APP\views\layouts\default.ctp, line 11]
2008-12-23 14:23:08 Debug: Notice (8): Undefined variable: javascript in [APP\views\layouts\default.ctp, line 11]
2008-12-23 14:23:50 Debug: Notice (8): Undefined variable: javascript in [APP\views\layouts\default.ctp, line 11]
2008-12-23 14:24:28 Debug: Notice (8): Undefined variable: javascript in [APP\views\layouts\default.ctp, line 11]
2008-12-23 14:24:29 Debug: Notice (8): Undefined variable: javascript in [APP\views\layouts\default.ctp, line 11]
2008-12-23 14:24:32 Debug: Notice (8): Undefined variable: javascript in [APP\views\layouts\default.ctp, line 11]
2008-12-23 14:24:35 Debug: Notice (8): Undefined variable: javascript in [APP\views\layouts\default.ctp, line 11]
2008-12-23 14:26:21 Debug: Notice (8): Undefined variable: javascript in [APP\views\layouts\default.ctp, line 11]
2008-12-23 14:26:23 Debug: Notice (8): Undefined variable: javascript in [APP\views\layouts\default.ctp, line 11]
2008-12-23 14:26:23 Debug: Notice (8): Undefined variable: javascript in [APP\views\layouts\default.ctp, line 11]
2008-12-23 14:26:26 Debug: Notice (8): Undefined variable: javascript in [APP\views\layouts\default.ctp, line 11]
2008-12-23 14:26:31 Debug: Notice (8): Undefined variable: javascript in [APP\views\layouts\default.ctp, line 11]
2008-12-23 14:26:32 Debug: Notice (8): Undefined variable: javascript in [APP\views\layouts\default.ctp, line 11]
2008-12-23 14:27:19 Debug: Notice (8): Undefined variable: javascript in [APP\views\layouts\default.ctp, line 11]
2008-12-23 14:27:25 Debug: Notice (8): Undefined variable: javascript in [APP\views\layouts\default.ctp, line 11]
2008-12-23 14:27:25 Debug: Notice (8): Undefined variable: javascript in [APP\views\layouts\default.ctp, line 11]
2008-12-23 14:27:25 Debug: Notice (8): Undefined variable: javascript in [APP\views\layouts\default.ctp, line 11]
2008-12-23 14:27:25 Debug: Notice (8): Undefined variable: javascript in [APP\views\layouts\default.ctp, line 11]
2008-12-23 14:30:33 Debug: Notice (8): Undefined variable: javascript in [APP\views\layouts\default.ctp, line 11]
2008-12-23 14:30:35 Debug: Notice (8): Undefined variable: javascript in [APP\views\layouts\default.ctp, line 11]
2008-12-23 14:32:33 Debug: Notice (8): Undefined variable: javascript in [APP\views\layouts\default.ctp, line 11]
2008-12-23 14:32:34 Debug: Notice (8): Undefined variable: javascript in [APP\views\layouts\default.ctp, line 11]
2008-12-23 14:32:34 Debug: Notice (8): Undefined variable: javascript in [APP\views\layouts\default.ctp, line 11]
2008-12-23 14:32:37 Debug: Notice (8): Undefined variable: javascript in [APP\views\layouts\default.ctp, line 11]
2008-12-23 14:33:30 Debug: Notice (8): Undefined variable: javascript in [APP\views\layouts\default.ctp, line 11]
2008-12-23 14:33:33 Debug: Notice (8): Undefined variable: javascript in [APP\views\layouts\default.ctp, line 11]
2008-12-23 14:33:33 Debug: Notice (8): Undefined variable: javascript in [APP\views\layouts\default.ctp, line 11]
2008-12-23 14:33:34 Debug: Notice (8): Undefined variable: javascript in [APP\views\layouts\default.ctp, line 11]
2008-12-23 14:36:13 Debug: Notice (8): Undefined variable: javascript in [APP\views\layouts\default.ctp, line 11]
2008-12-23 14:36:15 Debug: Notice (8): Undefined variable: javascript in [APP\views\layouts\default.ctp, line 11]
2008-12-23 14:36:18 Debug: Notice (8): Undefined variable: javascript in [APP\views\layouts\default.ctp, line 11]
2008-12-23 14:36:19 Debug: Notice (8): Undefined variable: javascript in [APP\views\layouts\default.ctp, line 11]
2008-12-23 14:36:19 Debug: Notice (8): Undefined variable: javascript in [APP\views\layouts\default.ctp, line 11]
2008-12-23 14:36:21 Debug: Notice (8): Undefined variable: javascript in [APP\views\layouts\default.ctp, line 11]
2008-12-23 14:36:23 Debug: Notice (8): Undefined variable: javascript in [APP\views\layouts\default.ctp, line 11]
2008-12-23 14:57:15 Debug: Notice (8): Undefined property:  User::$UserCars in [APP\models\user.php, line 88]
2008-12-23 14:58:25 Debug: Notice (8): Undefined variable: javascript in [APP\views\layouts\default.ctp, line 11]
2008-12-23 15:02:23 Debug: Notice (8): Undefined index:  Cars in [APP\controllers\home_controller.php, line 38]
2008-12-23 15:02:23 Debug: Notice (8): Undefined index:  Cars in [APP\controllers\home_controller.php, line 39]
2008-12-23 15:02:23 Debug: Notice (8): Undefined index:  Cars in [APP\controllers\home_controller.php, line 41]
2008-12-23 15:02:23 Debug: Notice (8): Undefined index:  Cars in [APP\controllers\home_controller.php, line 42]
2008-12-23 15:02:23 Debug: Notice (8): Undefined index:  Cars in [APP\controllers\home_controller.php, line 43]
2008-12-23 15:02:23 Debug: Notice (8): Undefined index:  Cars in [APP\controllers\home_controller.php, line 44]
2008-12-23 15:02:23 Debug: Notice (8): Undefined index:  Cars in [APP\controllers\home_controller.php, line 45]
2008-12-23 15:02:23 Debug: Notice (8): Undefined index:  Cars in [APP\controllers\home_controller.php, line 46]
2008-12-23 15:02:23 Debug: Notice (8): Undefined index:  Cars in [APP\controllers\home_controller.php, line 47]
2008-12-23 15:02:23 Debug: Notice (8): Undefined index:  Cars in [APP\controllers\home_controller.php, line 48]
2008-12-23 15:02:23 Debug: Notice (8): Undefined index:  Cars in [APP\controllers\home_controller.php, line 49]
2008-12-23 15:02:23 Debug: Notice (8): Undefined index:  Cars in [APP\controllers\home_controller.php, line 50]
2008-12-23 15:02:23 Debug: Notice (8): Undefined index:  Cars in [APP\controllers\home_controller.php, line 51]
2008-12-23 15:02:23 Debug: Notice (8): Undefined index:  Cars in [APP\controllers\home_controller.php, line 52]
2008-12-23 15:02:23 Debug: Notice (8): Undefined index:  Cars in [APP\controllers\home_controller.php, line 54]
2008-12-23 15:02:24 Debug: Notice (8): Undefined variable: javascript in [APP\views\layouts\default.ctp, line 11]
2008-12-23 15:02:24 Debug: Notice (8): Undefined variable: javascript in [APP\views\layouts\default.ctp, line 11]
2008-12-23 15:03:22 Debug: Notice (8): Undefined index:  Cars in [APP\controllers\home_controller.php, line 39]
2008-12-23 15:03:22 Debug: Notice (8): Undefined index:  Cars in [APP\controllers\home_controller.php, line 40]
2008-12-23 15:03:22 Debug: Notice (8): Undefined index:  Cars in [APP\controllers\home_controller.php, line 42]
2008-12-23 15:03:22 Debug: Notice (8): Undefined index:  Cars in [APP\controllers\home_controller.php, line 43]
2008-12-23 15:03:22 Debug: Notice (8): Undefined index:  Cars in [APP\controllers\home_controller.php, line 44]
2008-12-23 15:03:22 Debug: Notice (8): Undefined index:  Cars in [APP\controllers\home_controller.php, line 45]
2008-12-23 15:03:22 Debug: Notice (8): Undefined index:  Cars in [APP\controllers\home_controller.php, line 46]
2008-12-23 15:03:22 Debug: Notice (8): Undefined index:  Cars in [APP\controllers\home_controller.php, line 47]
2008-12-23 15:03:22 Debug: Notice (8): Undefined index:  Cars in [APP\controllers\home_controller.php, line 48]
2008-12-23 15:03:22 Debug: Notice (8): Undefined index:  Cars in [APP\controllers\home_controller.php, line 49]
2008-12-23 15:03:22 Debug: Notice (8): Undefined index:  Cars in [APP\controllers\home_controller.php, line 50]
2008-12-23 15:03:22 Debug: Notice (8): Undefined index:  Cars in [APP\controllers\home_controller.php, line 51]
2008-12-23 15:03:22 Debug: Notice (8): Undefined index:  Cars in [APP\controllers\home_controller.php, line 52]
2008-12-23 15:03:22 Debug: Notice (8): Undefined index:  Cars in [APP\controllers\home_controller.php, line 53]
2008-12-23 15:03:22 Debug: Notice (8): Undefined index:  Cars in [APP\controllers\home_controller.php, line 55]
2008-12-23 15:03:23 Debug: Notice (8): Undefined variable: javascript in [APP\views\layouts\default.ctp, line 11]
2008-12-23 15:03:23 Debug: Notice (8): Undefined variable: javascript in [APP\views\layouts\default.ctp, line 11]
2008-12-23 15:03:46 Debug: Notice (8): Undefined index:  park_real_name in [APP\controllers\home_controller.php, line 51]
2008-12-23 15:03:46 Debug: Notice (8): Undefined index:  park_logo20 in [APP\controllers\home_controller.php, line 52]
2008-12-23 15:03:46 Debug: Notice (8): Undefined variable: javascript in [APP\views\layouts\default.ctp, line 11]
2008-12-23 15:03:47 Debug: Notice (8): Undefined variable: javascript in [APP\views\layouts\default.ctp, line 11]
2008-12-23 15:05:31 Debug: Notice (8): Undefined variable: javascript in [APP\views\layouts\default.ctp, line 11]
2008-12-23 15:05:32 Debug: Notice (8): Undefined variable: javascript in [APP\views\layouts\default.ctp, line 11]
2008-12-23 15:10:12 Debug: Notice (8): Undefined index:  img_url in [APP\controllers\home_controller.php, line 45]
2008-12-23 15:10:13 Debug: Notice (8): Undefined variable: javascript in [APP\views\layouts\default.ctp, line 11]
2008-12-23 15:10:13 Debug: Notice (8): Undefined variable: javascript in [APP\views\layouts\default.ctp, line 11]
2008-12-23 15:10:39 Debug: Notice (8): Undefined index:  img_url in [APP\controllers\home_controller.php, line 45]
2008-12-23 15:10:40 Debug: Notice (8): Undefined variable: javascript in [APP\views\layouts\default.ctp, line 11]
2008-12-23 15:10:40 Debug: Notice (8): Undefined variable: javascript in [APP\views\layouts\default.ctp, line 11]
2008-12-23 15:10:49 Debug: Notice (8): Undefined variable: javascript in [APP\views\layouts\default.ctp, line 11]
2008-12-23 15:12:16 Debug: Notice (8): Undefined index:  img_url in [APP\views\home\carshop.ctp, line 6]
2008-12-23 15:12:16 Debug: Notice (8): Undefined variable: javascript in [APP\views\layouts\default.ctp, line 11]
2008-12-23 15:12:16 Debug: Notice (8): Undefined variable: javascript in [APP\views\layouts\default.ctp, line 11]
2008-12-23 15:13:03 Debug: Notice (8): Undefined variable: javascript in [APP\views\layouts\default.ctp, line 11]
2008-12-23 15:13:05 Debug: Notice (8): Undefined variable: javascript in [APP\views\layouts\default.ctp, line 11]
2008-12-23 15:13:05 Debug: Notice (8): Undefined variable: javascript in [APP\views\layouts\default.ctp, line 11]
2008-12-23 15:13:05 Debug: Notice (8): Undefined index:  img_url in [APP\views\cars\buy_dialog.ctp, line 7]
2008-12-23 15:13:35 Debug: Notice (8): Undefined variable: javascript in [APP\views\layouts\default.ctp, line 11]
2008-12-23 15:13:35 Debug: Notice (8): Undefined variable: javascript in [APP\views\layouts\default.ctp, line 11]
2008-12-23 15:13:36 Debug: Notice (8): Undefined index:  img_url in [APP\controllers\cars_controller.php, line 63]
2008-12-23 15:13:56 Debug: Notice (8): Undefined variable: javascript in [APP\views\layouts\default.ctp, line 11]
2008-12-23 15:13:57 Debug: Notice (8): Undefined variable: javascript in [APP\views\layouts\default.ctp, line 11]
2008-12-23 15:14:04 Debug: Notice (8): Undefined variable: javascript in [APP\views\layouts\default.ctp, line 11]
2008-12-23 15:14:06 Debug: Notice (8): Undefined variable: javascript in [APP\views\layouts\default.ctp, line 11]
2008-12-23 15:14:44 Debug: Notice (8): Undefined variable: javascript in [APP\views\layouts\default.ctp, line 11]
2008-12-23 15:14:46 Debug: Notice (8): Undefined variable: javascript in [APP\views\layouts\default.ctp, line 11]
2008-12-23 15:14:47 Debug: Notice (8): Undefined variable: javascript in [APP\views\layouts\default.ctp, line 11]
2008-12-23 15:14:49 Debug: Notice (8): Undefined variable: javascript in [APP\views\layouts\default.ctp, line 11]
2008-12-23 15:14:49 Debug: Notice (8): Undefined variable: javascript in [APP\views\layouts\default.ctp, line 11]
2008-12-23 15:14:55 Debug: Notice (8): Undefined variable: javascript in [APP\views\layouts\default.ctp, line 11]
2008-12-23 15:15:10 Debug: Notice (8): Undefined variable: javascript in [APP\views\layouts\default.ctp, line 11]
2008-12-23 15:15:12 Debug: Notice (8): Undefined variable: javascript in [APP\views\layouts\default.ctp, line 11]
2008-12-23 15:15:12 Debug: Notice (8): Undefined variable: javascript in [APP\views\layouts\default.ctp, line 11]
2008-12-23 15:15:25 Debug: Notice (8): Undefined variable: javascript in [APP\views\layouts\default.ctp, line 11]
2008-12-23 15:15:30 Debug: Notice (8): Undefined variable: javascript in [APP\views\layouts\default.ctp, line 11]
2008-12-23 15:15:30 Debug: Notice (8): Undefined variable: javascript in [APP\views\layouts\default.ctp, line 11]
2008-12-23 15:15:37 Debug: Notice (8): Undefined variable: javascript in [APP\views\layouts\default.ctp, line 11]
2008-12-23 15:15:38 Debug: Notice (8): Undefined variable: javascript in [APP\views\layouts\default.ctp, line 11]
2008-12-23 15:17:07 Debug: Notice (8): Undefined variable: javascript in [APP\views\layouts\default.ctp, line 11]
2008-12-23 15:17:09 Debug: Notice (8): Undefined variable: javascript in [APP\views\layouts\default.ctp, line 11]
2008-12-23 15:17:09 Debug: Notice (8): Undefined variable: javascript in [APP\views\layouts\default.ctp, line 11]
2008-12-23 15:17:27 Debug: Notice (8): Undefined variable: javascript in [APP\views\layouts\default.ctp, line 11]
2008-12-23 15:17:29 Debug: Notice (8): Undefined variable: javascript in [APP\views\layouts\default.ctp, line 11]
2008-12-23 15:18:50 Debug: Notice (8): Undefined variable: javascript in [APP\views\layouts\default.ctp, line 11]
2008-12-23 15:18:52 Debug: Notice (8): Undefined variable: javascript in [APP\views\layouts\default.ctp, line 11]
2008-12-23 15:18:53 Debug: Notice (8): Undefined variable: javascript in [APP\views\layouts\default.ctp, line 11]
2008-12-23 15:18:53 Debug: Notice (8): Undefined variable: javascript in [APP\views\layouts\default.ctp, line 11]
2008-12-23 15:18:56 Debug: Notice (8): Undefined variable: javascript in [APP\views\layouts\default.ctp, line 11]
2008-12-23 15:18:58 Debug: Notice (8): Undefined variable: javascript in [APP\views\layouts\default.ctp, line 11]
2008-12-23 15:18:58 Debug: Notice (8): Undefined variable: javascript in [APP\views\layouts\default.ctp, line 11]
2008-12-23 15:19:01 Debug: Notice (8): Undefined variable: javascript in [APP\views\layouts\default.ctp, line 11]
2008-12-23 15:19:03 Debug: Notice (8): Undefined variable: javascript in [APP\views\layouts\default.ctp, line 11]
2008-12-23 15:21:01 Debug: Notice (8): Undefined variable: javascript in [APP\views\layouts\default.ctp, line 11]
2008-12-23 15:22:29 Debug: Notice (8): Undefined variable: javascript in [APP\views\layouts\default.ctp, line 11]
2008-12-23 15:34:27 Debug: Notice (8): Array to string conversion in [APP\controllers\app_controller.php, line 54]
2008-12-23 15:34:28 Debug: Notice (8): Undefined variable: javascript in [APP\views\layouts\default.ctp, line 11]
2008-12-23 15:34:28 Debug: Notice (8): Undefined variable: javascript in [APP\views\layouts\default.ctp, line 11]
2008-12-23 15:34:28 Debug: Notice (8): Undefined variable: javascript in [APP\views\layouts\default.ctp, line 11]
2008-12-23 15:34:29 Debug: Notice (8): Undefined variable: javascript in [APP\views\layouts\default.ctp, line 11]
2008-12-23 15:36:35 Debug: Notice (8): Array to string conversion in [APP\controllers\app_controller.php, line 54]
2008-12-23 15:36:36 Debug: Notice (8): Undefined variable: javascript in [APP\views\layouts\default.ctp, line 11]
2008-12-23 15:36:36 Debug: Notice (8): Undefined variable: javascript in [APP\views\layouts\default.ctp, line 11]
2008-12-23 15:36:36 Debug: Notice (8): Undefined variable: javascript in [APP\views\layouts\default.ctp, line 11]
2008-12-23 15:36:37 Debug: Notice (8): Undefined variable: javascript in [APP\views\layouts\default.ctp, line 11]
2008-12-23 15:36:59 Debug: Notice (8): Array to string conversion in [APP\controllers\app_controller.php, line 55]
2008-12-23 15:37:00 Debug: Notice (8): Undefined variable: javascript in [APP\views\layouts\default.ctp, line 11]
2008-12-23 15:37:00 Debug: Notice (8): Undefined variable: javascript in [APP\views\layouts\default.ctp, line 11]
2008-12-23 15:37:00 Debug: Notice (8): Undefined variable: javascript in [APP\views\layouts\default.ctp, line 11]
2008-12-23 15:37:01 Debug: Notice (8): Undefined variable: javascript in [APP\views\layouts\default.ctp, line 11]
2008-12-23 15:37:46 Debug: Notice (8): Undefined variable: javascript in [APP\views\layouts\default.ctp, line 11]
2008-12-23 15:37:46 Debug: Notice (8): Undefined variable: javascript in [APP\views\layouts\default.ctp, line 11]
2008-12-23 15:37:47 Debug: Notice (8): Undefined variable: javascript in [APP\views\layouts\default.ctp, line 11]
2008-12-23 15:37:47 Debug: Notice (8): Undefined variable: javascript in [APP\views\layouts\default.ctp, line 11]
2008-12-23 15:38:25 Debug: Notice (8): Undefined variable: javascript in [APP\views\layouts\default.ctp, line 11]
2008-12-23 15:38:26 Debug: Notice (8): Undefined variable: javascript in [APP\views\layouts\default.ctp, line 11]
2008-12-23 15:38:26 Debug: Notice (8): Undefined variable: javascript in [APP\views\layouts\default.ctp, line 11]
2008-12-23 15:38:26 Debug: Notice (8): Undefined variable: javascript in [APP\views\layouts\default.ctp, line 11]
2008-12-23 15:39:01 Debug: Notice (8): Undefined variable: javascript in [APP\views\layouts\default.ctp, line 11]
2008-12-23 15:39:01 Debug: Notice (8): Undefined variable: javascript in [APP\views\layouts\default.ctp, line 11]
2008-12-23 15:39:01 Debug: Notice (8): Undefined variable: javascript in [APP\views\layouts\default.ctp, line 11]
2008-12-23 15:39:02 Debug: Notice (8): Undefined variable: javascript in [APP\views\layouts\default.ctp, line 11]
2008-12-23 15:39:25 Debug: Notice (8): Undefined variable: javascript in [APP\views\layouts\default.ctp, line 11]
2008-12-23 15:39:28 Debug: Notice (8): Undefined variable: javascript in [APP\views\layouts\default.ctp, line 11]
2008-12-23 15:39:31 Debug: Notice (8): Undefined variable: javascript in [APP\views\layouts\default.ctp, line 11]
2008-12-23 15:39:34 Debug: Notice (8): Undefined variable: javascript in [APP\views\layouts\default.ctp, line 11]
2008-12-23 15:39:37 Debug: Notice (8): Undefined variable: javascript in [APP\views\layouts\default.ctp, line 11]
2008-12-23 15:39:39 Debug: Notice (8): Undefined variable: javascript in [APP\views\layouts\default.ctp, line 11]
2008-12-23 15:39:42 Debug: Notice (8): Undefined variable: javascript in [APP\views\layouts\default.ctp, line 11]
2008-12-23 15:39:50 Debug: Notice (8): Undefined variable: javascript in [APP\views\layouts\default.ctp, line 11]
2008-12-23 15:39:53 Debug: Notice (8): Undefined variable: javascript in [APP\views\layouts\default.ctp, line 11]
2008-12-23 15:40:09 Debug: Notice (8): Undefined variable: javascript in [APP\views\layouts\default.ctp, line 11]
2008-12-23 15:40:09 Debug: Notice (8): Undefined variable: javascript in [APP\views\layouts\default.ctp, line 11]
2008-12-23 15:40:10 Debug: Notice (8): Undefined variable: javascript in [APP\views\layouts\default.ctp, line 11]
2008-12-23 15:40:10 Debug: Notice (8): Undefined variable: javascript in [APP\views\layouts\default.ctp, line 11]
2008-12-23 15:40:13 Debug: Notice (8): Undefined variable: javascript in [APP\views\layouts\default.ctp, line 11]
2008-12-23 15:40:14 Debug: Notice (8): Undefined variable: javascript in [APP\views\layouts\default.ctp, line 11]
2008-12-23 15:40:15 Debug: Notice (8): Undefined variable: javascript in [APP\views\layouts\default.ctp, line 11]
2008-12-23 15:40:15 Debug: Notice (8): Undefined variable: javascript in [APP\views\layouts\default.ctp, line 11]
2008-12-23 15:40:15 Debug: Notice (8): Undefined variable: javascript in [APP\views\layouts\default.ctp, line 11]
2008-12-23 15:44:52 Debug: Notice (8): Undefined variable: javascript in [APP\views\layouts\default.ctp, line 11]
2008-12-23 15:44:52 Debug: Notice (8): Undefined variable: javascript in [APP\views\layouts\default.ctp, line 11]
2008-12-23 15:44:53 Debug: Notice (8): Undefined variable: javascript in [APP\views\layouts\default.ctp, line 11]
2008-12-23 15:44:53 Debug: Notice (8): Undefined variable: javascript in [APP\views\layouts\default.ctp, line 11]
2008-12-23 15:44:56 Debug: Notice (8): Undefined variable: javascript in [APP\views\layouts\default.ctp, line 11]
2008-12-23 15:44:57 Debug: Notice (8): Undefined variable: javascript in [APP\views\layouts\default.ctp, line 11]
2008-12-23 15:44:58 Debug: Notice (8): Undefined variable: javascript in [APP\views\layouts\default.ctp, line 11]
2008-12-23 15:47:02 Debug: Notice (8): Undefined variable: javascript in [APP\views\layouts\default.ctp, line 11]
2008-12-23 15:47:02 Debug: Notice (8): Undefined variable: javascript in [APP\views\layouts\default.ctp, line 11]
2008-12-23 15:47:02 Debug: Notice (8): Undefined variable: javascript in [APP\views\layouts\default.ctp, line 11]
2008-12-23 15:47:03 Debug: Notice (8): Undefined variable: javascript in [APP\views\layouts\default.ctp, line 11]
2008-12-23 15:47:44 Debug: Notice (8): Undefined variable: javascript in [APP\views\layouts\default.ctp, line 11]
2008-12-23 15:47:44 Debug: Notice (8): Undefined variable: javascript in [APP\views\layouts\default.ctp, line 11]
2008-12-23 15:47:44 Debug: Notice (8): Undefined variable: javascript in [APP\views\layouts\default.ctp, line 11]
2008-12-23 15:47:45 Debug: Notice (8): Undefined variable: javascript in [APP\views\layouts\default.ctp, line 11]
2008-12-23 15:48:19 Debug: Notice (8): Undefined variable: javascript in [APP\views\layouts\default.ctp, line 11]
2008-12-23 15:48:19 Debug: Notice (8): Undefined variable: javascript in [APP\views\layouts\default.ctp, line 11]
2008-12-23 15:48:37 Debug: Notice (8): Undefined variable: javascript in [APP\views\layouts\default.ctp, line 11]
2008-12-23 15:48:37 Debug: Notice (8): Undefined variable: javascript in [APP\views\layouts\default.ctp, line 11]
2008-12-23 15:48:38 Debug: Notice (8): Undefined variable: javascript in [APP\views\layouts\default.ctp, line 11]
2008-12-23 15:48:42 Debug: Notice (8): Undefined variable: javascript in [APP\views\layouts\default.ctp, line 11]
2008-12-23 15:48:42 Debug: Notice (8): Undefined variable: javascript in [APP\views\layouts\default.ctp, line 11]
2008-12-23 15:48:43 Debug: Notice (8): Undefined variable: javascript in [APP\views\layouts\default.ctp, line 11]
2008-12-23 15:52:17 Debug: Notice (8): Undefined variable: javascript in [APP\views\layouts\default.ctp, line 11]
2008-12-23 15:52:18 Debug: Notice (8): Undefined variable: javascript in [APP\views\layouts\default.ctp, line 11]
2008-12-23 15:52:18 Debug: Notice (8): Undefined variable: javascript in [APP\views\layouts\default.ctp, line 11]
2008-12-23 15:52:18 Debug: Notice (8): Undefined variable: javascript in [APP\views\layouts\default.ctp, line 11]
2008-12-23 15:52:34 Debug: Notice (8): Undefined variable: javascript in [APP\views\layouts\default.ctp, line 11]
2008-12-23 15:52:36 Debug: Notice (8): Undefined variable: javascript in [APP\views\layouts\default.ctp, line 11]
2008-12-23 15:52:39 Debug: Notice (8): Undefined variable: javascript in [APP\views\layouts\default.ctp, line 11]
2008-12-23 15:52:42 Debug: Notice (8): Undefined variable: javascript in [APP\views\layouts\default.ctp, line 11]
2008-12-23 15:52:45 Debug: Notice (8): Undefined variable: javascript in [APP\views\layouts\default.ctp, line 11]
2008-12-23 15:52:47 Debug: Notice (8): Undefined variable: javascript in [APP\views\layouts\default.ctp, line 11]
2008-12-23 15:52:47 Debug: Notice (8): Undefined variable: javascript in [APP\views\layouts\default.ctp, line 11]
2008-12-23 15:52:47 Debug: Notice (8): Undefined variable: javascript in [APP\views\layouts\default.ctp, line 11]
2008-12-23 15:53:08 Debug: Notice (8): Undefined variable: javascript in [APP\views\layouts\default.ctp, line 11]
2008-12-23 15:53:10 Debug: Notice (8): Undefined variable: javascript in [APP\views\layouts\default.ctp, line 11]
2008-12-23 15:53:11 Debug: Notice (8): Undefined variable: javascript in [APP\views\layouts\default.ctp, line 11]
2008-12-23 15:53:48 Debug: Notice (8): Undefined variable: javascript in [APP\views\layouts\default.ctp, line 11]
2008-12-23 15:53:49 Debug: Notice (8): Undefined variable: javascript in [APP\views\layouts\default.ctp, line 11]
2008-12-23 15:55:05 Debug: Notice (8): Undefined variable: javascript in [APP\views\layouts\default.ctp, line 11]
2008-12-23 15:55:05 Debug: Notice (8): Undefined variable: javascript in [APP\views\layouts\default.ctp, line 11]
2008-12-23 15:55:06 Debug: Notice (8): Undefined variable: javascript in [APP\views\layouts\default.ctp, line 11]
2008-12-23 15:55:06 Debug: Notice (8): Undefined variable: javascript in [APP\views\layouts\default.ctp, line 11]
2008-12-23 15:55:14 Debug: Notice (8): Undefined variable: javascript in [APP\views\layouts\default.ctp, line 11]
2008-12-23 15:55:14 Debug: Notice (8): Undefined variable: javascript in [APP\views\layouts\default.ctp, line 11]
2008-12-23 15:56:05 Debug: Notice (8): Undefined variable: javascript in [APP\views\layouts\default.ctp, line 11]
2008-12-23 15:56:05 Debug: Notice (8): Undefined variable: javascript in [APP\views\layouts\default.ctp, line 11]
2008-12-23 15:57:23 Debug: Notice (8): Undefined variable: javascript in [APP\views\layouts\default.ctp, line 11]
2008-12-23 15:57:24 Debug: Notice (8): Undefined variable: javascript in [APP\views\layouts\default.ctp, line 11]
2008-12-23 15:57:26 Debug: Notice (8): Undefined variable: javascript in [APP\views\layouts\default.ctp, line 11]
2008-12-23 15:57:28 Debug: Notice (8): Undefined variable: javascript in [APP\views\layouts\default.ctp, line 11]
2008-12-23 15:57:28 Debug: Notice (8): Undefined variable: javascript in [APP\views\layouts\default.ctp, line 11]
2008-12-23 15:57:29 Debug: Notice (8): Undefined variable: javascript in [APP\views\layouts\default.ctp, line 11]
2008-12-23 15:57:29 Debug: Notice (8): Undefined variable: javascript in [APP\views\layouts\default.ctp, line 11]
2008-12-23 15:59:44 Debug: Notice (8): Undefined variable: javascript in [APP\views\layouts\default.ctp, line 11]
2008-12-23 15:59:52 Debug: Notice (8): Undefined variable: javascript in [APP\views\layouts\default.ctp, line 11]
2008-12-23 15:59:52 Debug: Notice (8): Undefined variable: javascript in [APP\views\layouts\default.ctp, line 11]
2008-12-23 15:59:52 Debug: Notice (8): Undefined variable: javascript in [APP\views\layouts\default.ctp, line 11]
2008-12-23 15:59:53 Debug: Notice (8): Undefined variable: javascript in [APP\views\layouts\default.ctp, line 11]
2008-12-23 15:59:57 Debug: Notice (8): Undefined variable: javascript in [APP\views\layouts\default.ctp, line 11]
2008-12-23 16:00:02 Debug: Notice (8): Undefined variable: javascript in [APP\views\layouts\default.ctp, line 11]
2008-12-23 16:00:07 Debug: Notice (8): Undefined variable: javascript in [APP\views\layouts\default.ctp, line 11]
2008-12-23 16:00:16 Debug: Notice (8): Undefined variable: javascript in [APP\views\layouts\default.ctp, line 11]
2008-12-23 16:00:17 Debug: Notice (8): Undefined variable: javascript in [APP\views\layouts\default.ctp, line 11]
2008-12-23 16:00:17 Debug: Notice (8): Undefined variable: javascript in [APP\views\layouts\default.ctp, line 11]
2008-12-23 16:00:18 Debug: Notice (8): Undefined variable: javascript in [APP\views\layouts\default.ctp, line 11]
2008-12-23 16:01:58 Debug: Notice (8): Undefined variable: javascript in [APP\views\layouts\default.ctp, line 11]
2008-12-23 16:01:58 Debug: Notice (8): Undefined variable: javascript in [APP\views\layouts\default.ctp, line 11]
2008-12-23 16:01:59 Debug: Notice (8): Undefined variable: javascript in [APP\views\layouts\default.ctp, line 11]
2008-12-23 16:01:59 Debug: Notice (8): Undefined variable: javascript in [APP\views\layouts\default.ctp, line 11]
2008-12-23 16:05:18 Debug: Notice (8): Undefined variable: javascript in [APP\views\layouts\default.ctp, line 11]
2008-12-23 16:05:19 Debug: Notice (8): Undefined variable: javascript in [APP\views\layouts\default.ctp, line 11]
2008-12-23 16:08:01 Debug: Notice (8): Undefined variable: javascript in [APP\views\layouts\default.ctp, line 11]
2008-12-23 16:08:01 Debug: Notice (8): Undefined variable: javascript in [APP\views\layouts\default.ctp, line 11]
2008-12-23 16:08:05 Debug: Notice (8): Undefined variable: javascript in [APP\views\layouts\default.ctp, line 11]
2008-12-23 16:21:30 Debug: Notice (8): Undefined variable: javascript in [APP\views\layouts\default.ctp, line 11]
2008-12-23 16:21:30 Debug: Notice (8): Undefined variable: javascript in [APP\views\layouts\default.ctp, line 11]
2008-12-23 16:21:31 Debug: Notice (8): Undefined variable: javascript in [APP\views\layouts\default.ctp, line 11]
2008-12-23 16:21:31 Debug: Notice (8): Undefined variable: javascript in [APP\views\layouts\default.ctp, line 11]
2008-12-23 16:21:35 Debug: Notice (8): Undefined index:  Cars in [APP\models\user.php, line 61]
2008-12-23 16:21:35 Debug: Notice (8): Undefined index:  Cars in [APP\models\user.php, line 62]
2008-12-23 16:21:35 Debug: Notice (8): Undefined index:  Cars in [APP\models\user.php, line 63]
2008-12-23 16:21:35 Debug: Notice (8): Undefined index:  Cars in [APP\models\user.php, line 64]
2008-12-23 16:21:35 Debug: Notice (8): Undefined index:  Cars in [APP\models\user.php, line 65]
2008-12-23 16:21:35 Debug: Notice (8): Undefined index:  Cars in [APP\models\user.php, line 66]
2008-12-23 16:21:35 Debug: Notice (8): Undefined index:  Cars in [APP\models\user.php, line 67]
2008-12-23 16:21:35 Debug: Notice (8): Undefined index:  Cars in [APP\models\user.php, line 68]
2008-12-23 16:21:35 Debug: Notice (8): Undefined index:  Cars in [APP\models\user.php, line 69]
2008-12-23 16:21:35 Debug: Notice (8): Undefined index:  Cars in [APP\models\user.php, line 70]
2008-12-23 16:21:35 Debug: Notice (8): Undefined property:  User::$UserCars in [APP\models\user.php, line 72]
2008-12-23 16:22:11 Debug: Notice (8): Undefined variable: javascript in [APP\views\layouts\default.ctp, line 11]
2008-12-23 16:22:11 Debug: Notice (8): Undefined variable: javascript in [APP\views\layouts\default.ctp, line 11]
2008-12-23 16:22:17 Debug: Notice (8): Undefined index:  Cars in [APP\models\user.php, line 61]
2008-12-23 16:22:17 Debug: Notice (8): Undefined index:  Cars in [APP\models\user.php, line 62]
2008-12-23 16:22:17 Debug: Notice (8): Undefined index:  Cars in [APP\models\user.php, line 63]
2008-12-23 16:22:17 Debug: Notice (8): Undefined index:  Cars in [APP\models\user.php, line 64]
2008-12-23 16:22:17 Debug: Notice (8): Undefined index:  Cars in [APP\models\user.php, line 65]
2008-12-23 16:22:17 Debug: Notice (8): Undefined index:  Cars in [APP\models\user.php, line 66]
2008-12-23 16:22:17 Debug: Notice (8): Undefined index:  Cars in [APP\models\user.php, line 67]
2008-12-23 16:22:17 Debug: Notice (8): Undefined index:  Cars in [APP\models\user.php, line 68]
2008-12-23 16:22:17 Debug: Notice (8): Undefined index:  Cars in [APP\models\user.php, line 69]
2008-12-23 16:22:17 Debug: Notice (8): Undefined index:  Cars in [APP\models\user.php, line 70]
2008-12-23 16:22:18 Debug: Notice (8): Undefined variable: javascript in [APP\views\layouts\default.ctp, line 11]
2008-12-23 16:22:18 Debug: Notice (8): Undefined variable: javascript in [APP\views\layouts\default.ctp, line 11]
2008-12-23 16:22:18 Debug: Notice (8): Undefined variable: javascript in [APP\views\layouts\default.ctp, line 11]
2008-12-23 16:28:06 Debug: Notice (8): Undefined variable: javascript in [APP\views\layouts\default.ctp, line 11]
2008-12-23 16:28:08 Debug: Notice (8): Undefined variable: javascript in [APP\views\layouts\default.ctp, line 11]
2008-12-23 16:28:08 Debug: Notice (8): Undefined variable: javascript in [APP\views\layouts\default.ctp, line 11]
2008-12-23 16:28:10 Debug: Notice (8): Array to string conversion in [CORE\cake\libs\model\datasources\dbo_source.php, line 576]
2008-12-23 16:29:30 Debug: Notice (8): Undefined variable: javascript in [APP\views\layouts\default.ctp, line 11]
2008-12-23 16:29:33 Debug: Notice (8): Undefined variable: javascript in [APP\views\layouts\default.ctp, line 11]
2008-12-23 16:29:33 Debug: Notice (8): Undefined variable: javascript in [APP\views\layouts\default.ctp, line 11]
2008-12-23 16:29:35 Debug: Notice (8): Undefined variable: javascript in [APP\views\layouts\default.ctp, line 11]
2008-12-23 16:29:35 Debug: Notice (8): Undefined variable: javascript in [APP\views\layouts\default.ctp, line 11]
2008-12-23 16:29:40 Debug: Notice (8): Undefined variable: javascript in [APP\views\layouts\default.ctp, line 11]
2008-12-23 16:29:40 Debug: Notice (8): Undefined variable: javascript in [APP\views\layouts\default.ctp, line 11]
2008-12-23 16:29:43 Debug: Notice (8): Undefined variable: javascript in [APP\views\layouts\default.ctp, line 11]
2008-12-23 16:29:45 Debug: Notice (8): Undefined variable: javascript in [APP\views\layouts\default.ctp, line 11]
2008-12-23 16:29:45 Debug: Notice (8): Undefined variable: javascript in [APP\views\layouts\default.ctp, line 11]
2008-12-23 16:29:45 Debug: Notice (8): Undefined variable: javascript in [APP\views\layouts\default.ctp, line 11]
2008-12-23 16:29:46 Debug: Notice (8): Undefined variable: javascript in [APP\views\layouts\default.ctp, line 11]
2008-12-23 16:29:56 Debug: Notice (8): Undefined index:  Cars in [APP\models\user.php, line 61]
2008-12-23 16:29:56 Debug: Notice (8): Undefined index:  Cars in [APP\models\user.php, line 62]
2008-12-23 16:29:56 Debug: Notice (8): Undefined index:  Cars in [APP\models\user.php, line 63]
2008-12-23 16:29:56 Debug: Notice (8): Undefined index:  Cars in [APP\models\user.php, line 64]
2008-12-23 16:29:56 Debug: Notice (8): Undefined index:  Cars in [APP\models\user.php, line 65]
2008-12-23 16:29:56 Debug: Notice (8): Undefined index:  Cars in [APP\models\user.php, line 66]
2008-12-23 16:29:56 Debug: Notice (8): Undefined index:  Cars in [APP\models\user.php, line 67]
2008-12-23 16:29:56 Debug: Notice (8): Undefined index:  Cars in [APP\models\user.php, line 68]
2008-12-23 16:29:56 Debug: Notice (8): Undefined index:  Cars in [APP\models\user.php, line 69]
2008-12-23 16:29:56 Debug: Notice (8): Undefined index:  Cars in [APP\models\user.php, line 70]
2008-12-23 16:29:57 Debug: Notice (8): Undefined variable: javascript in [APP\views\layouts\default.ctp, line 11]
2008-12-23 16:29:57 Debug: Notice (8): Undefined variable: javascript in [APP\views\layouts\default.ctp, line 11]
2008-12-23 16:29:57 Debug: Notice (8): Undefined variable: javascript in [APP\views\layouts\default.ctp, line 11]
2008-12-23 16:32:29 Debug: Notice (8): Undefined variable: javascript in [APP\views\layouts\default.ctp, line 11]
2008-12-23 16:32:29 Debug: Notice (8): Undefined variable: javascript in [APP\views\layouts\default.ctp, line 11]
2008-12-23 16:32:30 Debug: Notice (8): Undefined variable: javascript in [APP\views\layouts\default.ctp, line 11]
2008-12-23 16:32:32 Debug: Notice (8): Undefined index:  Cars in [APP\models\user.php, line 64]
2008-12-23 16:32:32 Debug: Notice (8): Undefined index:  Cars in [APP\models\user.php, line 65]
2008-12-23 16:32:32 Debug: Notice (8): Undefined index:  Cars in [APP\models\user.php, line 66]
2008-12-23 16:32:32 Debug: Notice (8): Undefined index:  Cars in [APP\models\user.php, line 67]
2008-12-23 16:32:32 Debug: Notice (8): Undefined index:  Cars in [APP\models\user.php, line 68]
2008-12-23 16:32:32 Debug: Notice (8): Undefined index:  Cars in [APP\models\user.php, line 69]
2008-12-23 16:32:32 Debug: Notice (8): Undefined index:  Cars in [APP\models\user.php, line 70]
2008-12-23 16:32:32 Debug: Notice (8): Undefined index:  Cars in [APP\models\user.php, line 71]
2008-12-23 16:32:32 Debug: Notice (8): Undefined index:  Cars in [APP\models\user.php, line 72]
2008-12-23 16:32:32 Debug: Notice (8): Undefined index:  Cars in [APP\models\user.php, line 73]
2008-12-23 16:32:33 Debug: Notice (8): Undefined variable: javascript in [APP\views\layouts\default.ctp, line 11]
2008-12-23 16:32:33 Debug: Notice (8): Undefined variable: javascript in [APP\views\layouts\default.ctp, line 11]
2008-12-23 16:32:33 Debug: Notice (8): Undefined variable: javascript in [APP\views\layouts\default.ctp, line 11]
2008-12-23 16:33:44 Debug: Notice (8): Undefined variable: javascript in [APP\views\layouts\default.ctp, line 11]
2008-12-23 16:33:46 Debug: Notice (8): Undefined variable: javascript in [APP\views\layouts\default.ctp, line 11]
2008-12-23 16:33:47 Debug: Notice (8): Undefined variable: javascript in [APP\views\layouts\default.ctp, line 11]
2008-12-23 16:34:04 Debug: Notice (8): Undefined variable: javascript in [APP\views\layouts\default.ctp, line 11]
2008-12-23 16:34:04 Debug: Notice (8): Undefined variable: javascript in [APP\views\layouts\default.ctp, line 11]
2008-12-23 16:34:04 Debug: Notice (8): Undefined variable: javascript in [APP\views\layouts\default.ctp, line 11]
2008-12-23 16:34:04 Debug: Notice (8): Undefined variable: javascript in [APP\views\layouts\default.ctp, line 11]
2008-12-23 16:35:08 Debug: Notice (8): Undefined variable: javascript in [APP\views\layouts\default.ctp, line 11]
2008-12-23 16:35:08 Debug: Notice (8): Undefined variable: javascript in [APP\views\layouts\default.ctp, line 11]
2008-12-23 16:35:32 Debug: Notice (8): Undefined variable: javascript in [APP\views\layouts\default.ctp, line 11]
2008-12-23 16:35:32 Debug: Notice (8): Undefined variable: javascript in [APP\views\layouts\default.ctp, line 11]
2008-12-23 16:35:36 Debug: Notice (8): Undefined variable: javascript in [APP\views\layouts\default.ctp, line 11]
2008-12-23 16:35:36 Debug: Notice (8): Undefined variable: javascript in [APP\views\layouts\default.ctp, line 11]
2008-12-23 16:58:24 Debug: Notice (8): Undefined variable: javascript in [APP\views\layouts\default.ctp, line 11]
2008-12-23 16:58:25 Debug: Notice (8): Undefined variable: javascript in [APP\views\layouts\default.ctp, line 11]
2008-12-23 16:58:25 Debug: Notice (8): Undefined variable: javascript in [APP\views\layouts\default.ctp, line 11]
2008-12-23 16:58:25 Debug: Notice (8): Undefined variable: javascript in [APP\views\layouts\default.ctp, line 11]
2008-12-23 17:04:29 Debug: Notice (8): Undefined variable: javascript in [APP\views\layouts\default.ctp, line 11]
2008-12-23 17:04:29 Debug: Notice (8): Undefined variable: javascript in [APP\views\layouts\default.ctp, line 11]
2008-12-23 17:04:29 Debug: Notice (8): Undefined variable: javascript in [APP\views\layouts\default.ctp, line 11]
2008-12-23 17:04:30 Debug: Notice (8): Undefined variable: javascript in [APP\views\layouts\default.ctp, line 11]
2008-12-23 17:04:35 Debug: Notice (8): Undefined variable: javascript in [APP\views\layouts\default.ctp, line 11]
2008-12-23 17:04:36 Debug: Notice (8): Undefined variable: javascript in [APP\views\layouts\default.ctp, line 11]
2008-12-23 17:05:39 Debug: Notice (8): Undefined variable: javascript in [APP\views\layouts\default.ctp, line 11]
2008-12-23 17:06:36 Debug: Notice (8): Undefined variable: javascript in [APP\views\layouts\default.ctp, line 11]
2008-12-23 17:06:36 Debug: Notice (8): Undefined variable: javascript in [APP\views\layouts\default.ctp, line 11]
2008-12-23 17:06:37 Debug: Notice (8): Undefined variable: javascript in [APP\views\layouts\default.ctp, line 11]
2008-12-23 17:06:37 Debug: Notice (8): Undefined variable: javascript in [APP\views\layouts\default.ctp, line 11]
2008-12-23 17:06:45 Debug: Notice (8): Undefined variable: javascript in [APP\views\layouts\default.ctp, line 11]
2008-12-23 17:06:45 Debug: Notice (8): Undefined variable: javascript in [APP\views\layouts\default.ctp, line 11]
2008-12-23 17:07:51 Debug: Notice (8): Undefined variable: javascript in [APP\views\layouts\default.ctp, line 11]
2008-12-23 17:07:51 Debug: Notice (8): Undefined variable: javascript in [APP\views\layouts\default.ctp, line 11]
2008-12-23 17:07:52 Debug: Notice (8): Undefined variable: javascript in [APP\views\layouts\default.ctp, line 11]
2008-12-23 17:07:52 Debug: Notice (8): Undefined variable: javascript in [APP\views\layouts\default.ctp, line 11]
2008-12-23 17:07:54 Debug: Notice (8): Undefined variable: javascript in [APP\views\layouts\default.ctp, line 11]
2008-12-23 17:07:54 Debug: Notice (8): Undefined variable: javascript in [APP\views\layouts\default.ctp, line 11]
2008-12-23 17:07:56 Debug: Notice (8): Undefined variable: javascript in [APP\views\layouts\default.ctp, line 11]
2008-12-23 17:08:19 Debug: Notice (8): Undefined variable: javascript in [APP\views\layouts\default.ctp, line 11]
2008-12-23 17:08:20 Debug: Notice (8): Undefined variable: javascript in [APP\views\layouts\default.ctp, line 11]
2008-12-23 17:08:20 Debug: Notice (8): Undefined variable: javascript in [APP\views\layouts\default.ctp, line 11]
2008-12-23 17:08:21 Debug: Notice (8): Undefined variable: javascript in [APP\views\layouts\default.ctp, line 11]
2008-12-23 17:08:21 Debug: Notice (8): Undefined variable: javascript in [APP\views\layouts\default.ctp, line 11]
2008-12-23 17:08:23 Debug: Notice (8): Undefined variable: javascript in [APP\views\layouts\default.ctp, line 11]
2008-12-23 17:08:24 Debug: Notice (8): Undefined variable: javascript in [APP\views\layouts\default.ctp, line 11]
2008-12-23 17:08:26 Debug: Notice (8): Undefined variable: javascript in [APP\views\layouts\default.ctp, line 11]
2008-12-23 17:08:28 Debug: Notice (8): Undefined variable: javascript in [APP\views\layouts\default.ctp, line 11]
2008-12-23 17:08:30 Debug: Notice (8): Undefined variable: javascript in [APP\views\layouts\default.ctp, line 11]
2008-12-23 17:08:33 Debug: Notice (8): Undefined variable: javascript in [APP\views\layouts\default.ctp, line 11]
2008-12-23 17:08:36 Debug: Notice (8): Undefined variable: javascript in [APP\views\layouts\default.ctp, line 11]
2008-12-23 17:08:38 Debug: Notice (8): Undefined variable: javascript in [APP\views\layouts\default.ctp, line 11]
2008-12-23 17:08:38 Debug: Notice (8): Undefined variable: javascript in [APP\views\layouts\default.ctp, line 11]
2008-12-23 17:08:39 Debug: Notice (8): Undefined variable: javascript in [APP\views\layouts\default.ctp, line 11]
2008-12-23 17:08:41 Debug: Notice (8): Undefined variable: javascript in [APP\views\layouts\default.ctp, line 11]
2008-12-23 17:08:42 Debug: Notice (8): Undefined variable: javascript in [APP\views\layouts\default.ctp, line 11]
2008-12-23 17:08:42 Debug: Notice (8): Undefined variable: javascript in [APP\views\layouts\default.ctp, line 11]
2008-12-23 17:08:57 Debug: Notice (8): Undefined variable: javascript in [APP\views\layouts\default.ctp, line 11]
2008-12-23 17:08:57 Debug: Notice (8): Undefined variable: javascript in [APP\views\layouts\default.ctp, line 11]
2008-12-23 17:08:58 Debug: Notice (8): Undefined variable: javascript in [APP\views\layouts\default.ctp, line 11]
2008-12-23 17:08:59 Debug: Notice (8): Undefined variable: javascript in [APP\views\layouts\default.ctp, line 11]
2008-12-23 17:09:00 Debug: Notice (8): Undefined variable: javascript in [APP\views\layouts\default.ctp, line 11]
2008-12-23 17:09:00 Debug: Notice (8): Undefined variable: javascript in [APP\views\layouts\default.ctp, line 11]
2008-12-23 17:09:29 Debug: Notice (8): Undefined variable: javascript in [APP\views\layouts\default.ctp, line 11]
2008-12-23 17:09:29 Debug: Notice (8): Undefined variable: javascript in [APP\views\layouts\default.ctp, line 11]
2008-12-23 17:09:35 Debug: Notice (8): Undefined variable: javascript in [APP\views\layouts\default.ctp, line 11]
2008-12-23 17:09:35 Debug: Notice (8): Undefined variable: javascript in [APP\views\layouts\default.ctp, line 11]
2008-12-23 17:09:35 Debug: Notice (8): Undefined variable: javascript in [APP\views\layouts\default.ctp, line 11]
2008-12-23 17:09:35 Debug: Notice (8): Undefined variable: javascript in [APP\views\layouts\default.ctp, line 11]
2008-12-23 17:11:51 Debug: Notice (8): Undefined variable: javascript in [APP\views\layouts\default.ctp, line 11]
2008-12-23 17:11:51 Debug: Notice (8): Undefined variable: javascript in [APP\views\layouts\default.ctp, line 11]
2008-12-23 17:11:51 Debug: Notice (8): Undefined variable: javascript in [APP\views\layouts\default.ctp, line 11]
2008-12-23 17:12:05 Debug: Notice (8): Undefined variable: javascript in [APP\views\layouts\default.ctp, line 11]
2008-12-23 17:12:06 Debug: Notice (8): Undefined variable: javascript in [APP\views\layouts\default.ctp, line 11]
2008-12-23 17:12:20 Debug: Notice (8): Undefined variable: javascript in [APP\views\layouts\default.ctp, line 11]
2008-12-23 17:12:20 Debug: Notice (8): Undefined variable: javascript in [APP\views\layouts\default.ctp, line 11]
2008-12-23 17:12:20 Debug: Notice (8): Undefined variable: javascript in [APP\views\layouts\default.ctp, line 11]
2008-12-23 17:14:11 Debug: Notice (8): Undefined variable: javascript in [APP\views\layouts\default.ctp, line 11]
2008-12-23 17:14:11 Debug: Notice (8): Undefined variable: javascript in [APP\views\layouts\default.ctp, line 11]
2008-12-23 17:14:12 Debug: Notice (8): Undefined variable: javascript in [APP\views\layouts\default.ctp, line 11]
2008-12-23 17:14:12 Debug: Notice (8): Undefined variable: javascript in [APP\views\layouts\default.ctp, line 11]
2008-12-23 17:15:35 Debug: Notice (8): Undefined variable: javascript in [APP\views\layouts\default.ctp, line 11]
2008-12-23 17:15:35 Debug: Notice (8): Undefined variable: javascript in [APP\views\layouts\default.ctp, line 11]
2008-12-23 17:15:44 Debug: Notice (8): Undefined variable: javascript in [APP\views\layouts\default.ctp, line 11]
2008-12-23 17:15:44 Debug: Notice (8): Undefined variable: javascript in [APP\views\layouts\default.ctp, line 11]
2008-12-23 17:17:12 Debug: Notice (8): Undefined variable: javascript in [APP\views\layouts\default.ctp, line 11]
2008-12-23 17:17:17 Debug: Notice (8): Undefined variable: javascript in [APP\views\layouts\default.ctp, line 11]
2008-12-23 17:17:17 Debug: Notice (8): Undefined variable: javascript in [APP\views\layouts\default.ctp, line 11]
2008-12-23 17:17:21 Debug: Notice (8): Undefined variable: javascript in [APP\views\layouts\default.ctp, line 11]
2008-12-23 17:17:23 Debug: Notice (8): Undefined variable: javascript in [APP\views\layouts\default.ctp, line 11]
2008-12-23 17:17:25 Debug: Notice (8): Undefined variable: javascript in [APP\views\layouts\default.ctp, line 11]
2008-12-23 17:17:28 Debug: Notice (8): Undefined variable: javascript in [APP\views\layouts\default.ctp, line 11]
2008-12-23 17:17:30 Debug: Notice (8): Undefined variable: javascript in [APP\views\layouts\default.ctp, line 11]
2008-12-23 17:18:08 Debug: Notice (8): Undefined variable: javascript in [APP\views\layouts\default.ctp, line 11]
2008-12-23 17:18:08 Debug: Notice (8): Undefined variable: javascript in [APP\views\layouts\default.ctp, line 11]
2008-12-23 17:18:11 Debug: Notice (8): Undefined variable: javascript in [APP\views\layouts\default.ctp, line 11]
2008-12-23 17:18:12 Debug: Notice (8): Undefined variable: javascript in [APP\views\layouts\default.ctp, line 11]
2008-12-23 17:18:12 Debug: Notice (8): Undefined variable: javascript in [APP\views\layouts\default.ctp, line 11]
2008-12-23 17:18:13 Debug: Notice (8): Undefined variable: javascript in [APP\views\layouts\default.ctp, line 11]
2008-12-23 17:18:13 Debug: Notice (8): Undefined variable: javascript in [APP\views\layouts\default.ctp, line 11]
2008-12-23 17:18:13 Debug: Notice (8): Undefined variable: javascript in [APP\views\layouts\default.ctp, line 11]
2008-12-23 17:18:14 Debug: Notice (8): Undefined variable: javascript in [APP\views\layouts\default.ctp, line 11]
2008-12-23 17:18:14 Debug: Notice (8): Undefined variable: javascript in [APP\views\layouts\default.ctp, line 11]
2008-12-23 17:18:17 Debug: Notice (8): Undefined variable: javascript in [APP\views\layouts\default.ctp, line 11]
2008-12-23 17:19:28 Debug: Notice (8): Undefined variable: javascript in [APP\views\layouts\default.ctp, line 11]
2008-12-23 17:19:29 Debug: Notice (8): Undefined variable: javascript in [APP\views\layouts\default.ctp, line 11]
2008-12-23 17:19:36 Debug: Notice (8): Undefined variable: javascript in [APP\views\layouts\default.ctp, line 11]
2008-12-23 17:19:36 Debug: Notice (8): Undefined variable: javascript in [APP\views\layouts\default.ctp, line 11]
2008-12-23 17:19:47 Debug: Notice (8): Undefined variable: javascript in [APP\views\layouts\default.ctp, line 11]
2008-12-23 17:20:06 Debug: Notice (8): Undefined variable: javascript in [APP\views\layouts\default.ctp, line 11]
2008-12-23 17:20:14 Debug: Notice (8): Undefined variable: javascript in [APP\views\layouts\default.ctp, line 11]
2008-12-23 17:20:23 Debug: Notice (8): Undefined variable: javascript in [APP\views\layouts\default.ctp, line 11]
2008-12-23 17:20:40 Debug: Notice (8): Undefined variable: javascript in [APP\views\layouts\default.ctp, line 11]
2008-12-23 17:20:53 Debug: Notice (8): Undefined variable: javascript in [APP\views\layouts\default.ctp, line 11]
2008-12-23 17:20:53 Debug: Notice (8): Undefined variable: javascript in [APP\views\layouts\default.ctp, line 11]
2008-12-23 17:21:59 Debug: Notice (8): Undefined variable: javascript in [APP\views\layouts\default.ctp, line 11]
2008-12-23 17:22:04 Debug: Notice (8): Undefined variable: javascript in [APP\views\layouts\default.ctp, line 11]
2008-12-23 17:22:06 Debug: Notice (8): Undefined variable: javascript in [APP\views\layouts\default.ctp, line 11]
2008-12-23 17:22:07 Debug: Notice (8): Undefined variable: javascript in [APP\views\layouts\default.ctp, line 11]
2008-12-23 17:22:09 Debug: Notice (8): Undefined variable: javascript in [APP\views\layouts\default.ctp, line 11]
2008-12-23 17:22:11 Debug: Notice (8): Undefined variable: javascript in [APP\views\layouts\default.ctp, line 11]
2008-12-23 17:22:52 Debug: Notice (8): Undefined variable: javascript in [APP\views\layouts\default.ctp, line 11]
2008-12-23 17:23:27 Debug: Notice (8): Undefined variable: javascript in [APP\views\layouts\default.ctp, line 11]
2008-12-23 17:24:56 Debug: Notice (8): Undefined variable: javascript in [APP\views\layouts\default.ctp, line 11]
2008-12-23 17:26:57 Debug: Notice (8): Undefined variable: javascript in [APP\views\layouts\default.ctp, line 11]
2008-12-23 17:27:05 Debug: Notice (8): Undefined variable: javascript in [APP\views\layouts\default.ctp, line 11]
2008-12-23 17:27:05 Debug: Notice (8): Undefined variable: javascript in [APP\views\layouts\default.ctp, line 11]
2008-12-23 17:27:10 Debug: Notice (8): Undefined variable: javascript in [APP\views\layouts\default.ctp, line 11]
2008-12-23 17:27:11 Debug: Notice (8): Undefined variable: javascript in [APP\views\layouts\default.ctp, line 11]
2008-12-23 17:53:46 Debug: Notice (8): Undefined variable: javascript in [APP\views\layouts\default.ctp, line 11]
2008-12-23 17:53:46 Debug: Notice (8): Undefined variable: javascript in [APP\views\layouts\default.ctp, line 11]
2008-12-23 17:53:46 Debug: Notice (8): Undefined variable: javascript in [APP\views\layouts\default.ctp, line 11]
2008-12-23 17:53:47 Debug: Notice (8): Undefined variable: javascript in [APP\views\layouts\default.ctp, line 11]
2008-12-23 17:53:51 Debug: Notice (8): Undefined variable: javascript in [APP\views\layouts\default.ctp, line 11]
2008-12-23 17:53:52 Debug: Notice (8): Undefined variable: javascript in [APP\views\layouts\default.ctp, line 11]
2008-12-23 17:53:54 Debug: Notice (8): Undefined variable: javascript in [APP\views\layouts\default.ctp, line 11]
2008-12-23 17:53:55 Debug: Notice (8): Undefined variable: javascript in [APP\views\layouts\default.ctp, line 11]
2008-12-23 17:54:00 Debug: Notice (8): Undefined variable: javascript in [APP\views\layouts\default.ctp, line 11]
2008-12-23 17:54:05 Debug: Notice (8): Undefined variable: javascript in [APP\views\layouts\default.ctp, line 11]
2008-12-23 17:54:06 Debug: Notice (8): Undefined variable: javascript in [APP\views\layouts\default.ctp, line 11]
2008-12-23 17:54:07 Debug: Notice (8): Undefined variable: javascript in [APP\views\layouts\default.ctp, line 11]
2008-12-23 17:54:07 Debug: Notice (8): Undefined variable: javascript in [APP\views\layouts\default.ctp, line 11]
2008-12-23 17:54:18 Debug: Notice (8): Undefined variable: javascript in [APP\views\layouts\default.ctp, line 11]
2008-12-23 17:54:20 Debug: Notice (8): Undefined variable: javascript in [APP\views\layouts\default.ctp, line 11]
2008-12-23 17:54:36 Debug: Notice (8): Undefined variable: javascript in [APP\views\layouts\default.ctp, line 11]
2008-12-23 17:54:38 Debug: Notice (8): Undefined variable: javascript in [APP\views\layouts\default.ctp, line 11]
2008-12-23 17:54:43 Debug: Notice (8): Undefined variable: javascript in [APP\views\layouts\default.ctp, line 11]
2008-12-23 17:54:44 Debug: Notice (8): Undefined variable: javascript in [APP\views\layouts\default.ctp, line 11]
